<?xml version="1.0" encoding="UTF-8"?>
<testsuite xmlns:xsi="http://www.w3.org/2001/XMLSchema-instance" xsi:noNamespaceSchemaLocation="https://maven.apache.org/surefire/maven-surefire-plugin/xsd/surefire-test-report-3.0.xsd" version="3.0" name="io.github.jfalves.cadastro.BackendJavaSpringTestApplicationTests" time="5.91" tests="1" errors="0" skipped="0" failures="0">
  <properties>
[...]
</properties>
  <testcase name="contextLoads" classname="io.github.jfalves.cadastro.BackendJavaSpringTestApplicationTests" time="0.686">
    <system-out><![CDATA[23:46:39.562 [main] INFO org.springframework.test.context.support.AnnotationConfigContextLoaderUtils -- Could not detect default configuration classes for test class [io.github.jfalves.cadastro.BackendJavaSpringTestApplicationTests]: BackendJavaSpringTestApplicationTests does not declare any static, non-private, non-final, nested classes annotated with @Configuration.
23:46:39.713 [main] INFO org.springframework.boot.test.context.SpringBootTestContextBootstrapper -- Found @SpringBootConfiguration io.github.jfalves.cadastro.BackendJavaSpringTestApplication for test class io.github.jfalves.cadastro.BackendJavaSpringTestApplicationTests
23:46:39.953 [main] INFO org.springframework.boot.devtools.restart.RestartApplicationListener -- Restart disabled due to context in which it is running

  .   ____          _            __ _ _
 /\\ / ___'_ __ _ _(_)_ __  __ _ \ \ \ \
( ( )\___ | '_ | '_| | '_ \/ _` | \ \ \ \
 \\/  ___)| |_)| | | | | || (_| |  ) ) ) )
  '  |____| .__|_| |_|_| |_\__, | / / / /
 =========|_|==============|___/=/_/_/_/
 :: Spring Boot ::                (v3.2.9)

2024-09-12T23:46:40.280-03:00  INFO 19892 --- [backend-java-spring-test] [           main] .c.BackendJavaSpringTestApplicationTests : Starting BackendJavaSpringTestApplicationTests using Java 17.0.11 with PID 19892 (started by jacks in C:\Users\jacks\OneDrive\Área de Trabalho\Teste Selaz\backend-java-spring-test)
2024-09-12T23:46:40.282-03:00  INFO 19892 --- [backend-java-spring-test] [           main] .c.BackendJavaSpringTestApplicationTests : No active profile set, falling back to 1 default profile: "default"
2024-09-12T23:46:41.077-03:00  INFO 19892 --- [backend-java-spring-test] [           main] .s.d.r.c.RepositoryConfigurationDelegate : Bootstrapping Spring Data JPA repositories in DEFAULT mode.
2024-09-12T23:46:41.149-03:00  INFO 19892 --- [backend-java-spring-test] [           main] .s.d.r.c.RepositoryConfigurationDelegate : Finished Spring Data repository scanning in 58 ms. Found 2 JPA repository interfaces.
2024-09-12T23:46:41.723-03:00  INFO 19892 --- [backend-java-spring-test] [           main] o.hibernate.jpa.internal.util.LogHelper  : HHH000204: Processing PersistenceUnitInfo [name: default]
2024-09-12T23:46:41.821-03:00  INFO 19892 --- [backend-java-spring-test] [           main] org.hibernate.Version                    : HHH000412: Hibernate ORM core version 6.4.10.Final
2024-09-12T23:46:41.875-03:00  INFO 19892 --- [backend-java-spring-test] [           main] o.h.c.internal.RegionFactoryInitiator    : HHH000026: Second-level cache disabled
2024-09-12T23:46:42.292-03:00  INFO 19892 --- [backend-java-spring-test] [           main] o.s.o.j.p.SpringPersistenceUnitInfo      : No LoadTimeWeaver setup: ignoring JPA class transformer
2024-09-12T23:46:42.329-03:00  INFO 19892 --- [backend-java-spring-test] [           main] com.zaxxer.hikari.HikariDataSource       : HikariPool-1 - Starting...
2024-09-12T23:46:42.601-03:00  INFO 19892 --- [backend-java-spring-test] [           main] com.zaxxer.hikari.pool.HikariPool        : HikariPool-1 - Added connection conn0: url=jdbc:h2:mem:teste user=SA
2024-09-12T23:46:42.605-03:00  INFO 19892 --- [backend-java-spring-test] [           main] com.zaxxer.hikari.HikariDataSource       : HikariPool-1 - Start completed.
2024-09-12T23:46:42.637-03:00  WARN 19892 --- [backend-java-spring-test] [           main] org.hibernate.orm.deprecation            : HHH90000025: H2Dialect does not need to be specified explicitly using 'hibernate.dialect' (remove the property setting and it will be selected by default)
2024-09-12T23:46:43.722-03:00  INFO 19892 --- [backend-java-spring-test] [           main] o.h.e.t.j.p.i.JtaPlatformInitiator       : HHH000489: No JTA platform available (set 'hibernate.transaction.jta.platform' to enable JTA platform integration)
Hibernate: drop table if exists tb_task cascade 
Hibernate: drop table if exists tb_users cascade 
Hibernate: drop sequence if exists tb_task_seq
Hibernate: drop sequence if exists tb_users_seq
Hibernate: create sequence tb_task_seq start with 1 increment by 50
Hibernate: create sequence tb_users_seq start with 1 increment by 50
Hibernate: create table tb_task (status tinyint check (status between 0 and 2), created_at timestamp(6), due_date timestamp(6), task_id bigint not null, user_id bigint, description varchar(255), title varchar(255), primary key (task_id))
Hibernate: create table tb_users (user_id bigint not null, nivel varchar(255), username varchar(255), primary key (user_id))
Hibernate: alter table if exists tb_task add constraint FKjmeq5b02s0xv4kk1f9wx9swo1 foreign key (user_id) references tb_users
2024-09-12T23:46:43.785-03:00  INFO 19892 --- [backend-java-spring-test] [           main] j.LocalContainerEntityManagerFactoryBean : Initialized JPA EntityManagerFactory for persistence unit 'default'
2024-09-12T23:46:44.229-03:00  INFO 19892 --- [backend-java-spring-test] [           main] o.s.d.j.r.query.QueryEnhancerFactory     : Hibernate is in classpath; If applicable, HQL parser will be used.
2024-09-12T23:46:44.552-03:00  INFO 19892 --- [backend-java-spring-test] [           main] .c.BackendJavaSpringTestApplicationTests : Started BackendJavaSpringTestApplicationTests in 4.612 seconds (process running for 5.944)
]]></system-out>
  </testcase>
</testsuite>